¤¤¤¤¤¤¤¤¤¤¤¤¤¤¤¤¤¤¤¤¤¤¤¤¤¤¤¤¤¤¤¤¤¤¤¤¤¤¤¤¤¤¤¤¤¤¤¤¤¤¤¤¤¤¤¤¤¤¤¤¤¤¤¤¤¤¤¤¤¤¤¤¤¤¤¤¤¤
¤¤¤¤¤¤¤¤¤¤¤¤¤¤¤¤¤¤¤¤¤¤¤¤¤¤   RELATIVNO ODSTUPANJE   ¤¤¤¤¤¤¤¤¤¤¤¤¤¤¤¤¤¤¤¤¤¤¤¤¤¤
¤¤¤¤¤¤¤¤¤¤¤¤¤¤¤¤¤¤¤¤¤¤¤¤¤¤¤¤¤¤¤¤¤¤¤¤¤¤¤¤¤¤¤¤¤¤¤¤¤¤¤¤¤¤¤¤¤¤¤¤¤¤¤¤¤¤¤¤¤¤¤¤¤¤¤¤¤¤


¤¤¤¤¤¤¤¤¤¤¤¤¤¤¤¤¤¤¤¤¤¤¤¤¤¤¤¤¤¤¤ TEST 1 (K = 2) ¤¤¤¤¤¤¤¤¤¤¤¤¤¤¤¤¤¤¤¤¤¤¤¤¤¤¤¤¤¤¤
stepen multiprogramiranja: 10
vreme odaziva sitema: 0.0833 ms

              komponenta |    iskorišćenje | protok [proc/s] |  prosek poslova
==============================================================================
*               Procesor |          0.1539 |          0.0769 |          0.9552
        Sistemski disk 0 |          0.0365 |          0.0769 |          0.0930
        Sistemski disk 1 |          0.0116 |          0.0771 |          0.1545
       Korisnički disk 0 |          0.0533 |          0.0770 |          0.0635
       Korisnički disk 1 |          0.0533 |          0.0770 |          0.0642


¤¤¤¤¤¤¤¤¤¤¤¤¤¤¤¤¤¤¤¤¤¤¤¤¤¤¤¤¤¤¤ TEST 2 (K = 3) ¤¤¤¤¤¤¤¤¤¤¤¤¤¤¤¤¤¤¤¤¤¤¤¤¤¤¤¤¤¤¤
stepen multiprogramiranja: 10
vreme odaziva sitema: 0.1562 ms

              komponenta |    iskorišćenje | protok [proc/s] |  prosek poslova
==============================================================================
                Procesor |          0.0811 |          0.1351 |          1.0254
        Sistemski disk 0 |          0.0987 |          0.1359 |          0.0341
        Sistemski disk 1 |          0.0728 |          0.1348 |          0.0939
       Korisnički disk 0 |          0.1123 |          0.1345 |          0.1101
       Korisnički disk 1 |          0.1123 |          0.1345 |          0.1127
*      Korisnički disk 2 |          0.1142 |          0.1363 |          0.1193


¤¤¤¤¤¤¤¤¤¤¤¤¤¤¤¤¤¤¤¤¤¤¤¤¤¤¤¤¤¤¤ TEST 3 (K = 4) ¤¤¤¤¤¤¤¤¤¤¤¤¤¤¤¤¤¤¤¤¤¤¤¤¤¤¤¤¤¤¤
stepen multiprogramiranja: 10
vreme odaziva sitema: 0.2280 ms

              komponenta |    iskorišćenje | protok [proc/s] |  prosek poslova
==============================================================================
                Procesor |          0.0181 |          0.1857 |          0.8543
        Sistemski disk 0 |          0.1515 |          0.1870 |          0.0298
        Sistemski disk 1 |          0.1271 |          0.1855 |          0.0205
       Korisnički disk 0 |          0.1648 |          0.1856 |          0.1478
*      Korisnički disk 1 |          0.1651 |          0.1859 |          0.1481
       Korisnički disk 2 |          0.1648 |          0.1855 |          0.1464
       Korisnički disk 3 |          0.1645 |          0.1853 |          0.1453


¤¤¤¤¤¤¤¤¤¤¤¤¤¤¤¤¤¤¤¤¤¤¤¤¤¤¤¤¤¤¤ TEST 4 (K = 5) ¤¤¤¤¤¤¤¤¤¤¤¤¤¤¤¤¤¤¤¤¤¤¤¤¤¤¤¤¤¤¤
stepen multiprogramiranja: 10
vreme odaziva sitema: 0.2764 ms

              komponenta |    iskorišćenje | protok [proc/s] |  prosek poslova
==============================================================================
                Procesor |          0.0207 |          0.2166 |          0.6274
        Sistemski disk 0 |          0.1822 |          0.2163 |          0.0693
        Sistemski disk 1 |          0.1614 |          0.2175 |          0.0284
*      Korisnički disk 0 |          0.1976 |          0.2173 |          0.1593
       Korisnički disk 1 |          0.1959 |          0.2157 |          0.1534
       Korisnički disk 2 |          0.1975 |          0.2172 |          0.1589
       Korisnički disk 3 |          0.1960 |          0.2157 |          0.1540
       Korisnički disk 4 |          0.1969 |          0.2166 |          0.1564


¤¤¤¤¤¤¤¤¤¤¤¤¤¤¤¤¤¤¤¤¤¤¤¤¤¤¤¤¤¤¤ TEST 5 (K = 6) ¤¤¤¤¤¤¤¤¤¤¤¤¤¤¤¤¤¤¤¤¤¤¤¤¤¤¤¤¤¤¤
stepen multiprogramiranja: 10
vreme odaziva sitema: 0.2997 ms

              komponenta |    iskorišćenje | protok [proc/s] |  prosek poslova
==============================================================================
                Procesor |          0.0383 |          0.2306 |          0.4625
        Sistemski disk 0 |          0.1973 |          0.2310 |          0.0870
        Sistemski disk 1 |          0.1759 |          0.2309 |          0.0509
       Korisnički disk 0 |          0.2112 |          0.2307 |          0.1539
       Korisnički disk 1 |          0.2108 |          0.2303 |          0.1520
       Korisnički disk 2 |          0.2115 |          0.2310 |          0.1539
       Korisnički disk 3 |          0.2108 |          0.2304 |          0.1529
       Korisnički disk 4 |          0.2108 |          0.2303 |          0.1523
*      Korisnički disk 5 |          0.2116 |          0.2311 |          0.1542


¤¤¤¤¤¤¤¤¤¤¤¤¤¤¤¤¤¤¤¤¤¤¤¤¤¤¤¤¤¤¤ TEST 6 (K = 7) ¤¤¤¤¤¤¤¤¤¤¤¤¤¤¤¤¤¤¤¤¤¤¤¤¤¤¤¤¤¤¤
stepen multiprogramiranja: 10
vreme odaziva sitema: 0.3082 ms

              komponenta |    iskorišćenje | protok [proc/s] |  prosek poslova
==============================================================================
                Procesor |          0.0445 |          0.2356 |          0.3609
        Sistemski disk 0 |          0.2019 |          0.2353 |          0.0919
        Sistemski disk 1 |          0.1808 |          0.2353 |          0.0569
       Korisnički disk 0 |          0.2160 |          0.2356 |          0.1459
*      Korisnički disk 1 |          0.2167 |          0.2362 |          0.1484
       Korisnički disk 2 |          0.2165 |          0.2361 |          0.1484
       Korisnički disk 3 |          0.2156 |          0.2352 |          0.1471
       Korisnički disk 4 |          0.2161 |          0.2357 |          0.1472
       Korisnički disk 5 |          0.2159 |          0.2355 |          0.1473
       Korisnički disk 6 |          0.2154 |          0.2350 |          0.1460


¤¤¤¤¤¤¤¤¤¤¤¤¤¤¤¤¤¤¤¤¤¤¤¤¤¤¤¤¤¤¤ TEST 7 (K = 8) ¤¤¤¤¤¤¤¤¤¤¤¤¤¤¤¤¤¤¤¤¤¤¤¤¤¤¤¤¤¤¤
stepen multiprogramiranja: 10
vreme odaziva sitema: 0.3090 ms

              komponenta |    iskorišćenje | protok [proc/s] |  prosek poslova
==============================================================================
                Procesor |          0.0450 |          0.2361 |          0.3005
        Sistemski disk 0 |          0.2022 |          0.2352 |          0.0915
        Sistemski disk 1 |          0.1819 |          0.2363 |          0.0572
       Korisnički disk 0 |          0.2165 |          0.2364 |          0.1415
*      Korisnički disk 1 |          0.2168 |          0.2366 |          0.1436
       Korisnički disk 2 |          0.2162 |          0.2361 |          0.1429
       Korisnički disk 3 |          0.2163 |          0.2361 |          0.1431
       Korisnički disk 4 |          0.2166 |          0.2365 |          0.1431
       Korisnički disk 5 |          0.2161 |          0.2360 |          0.1427
       Korisnički disk 6 |          0.2157 |          0.2355 |          0.1415
       Korisnički disk 7 |          0.2155 |          0.2353 |          0.1412
