¤¤¤¤¤¤¤¤¤¤¤¤¤¤¤¤¤¤¤¤¤¤¤¤¤¤¤¤¤¤¤¤¤¤¤¤¤¤¤¤¤¤¤¤¤¤¤¤¤¤¤¤¤¤¤¤¤¤¤¤¤¤¤¤¤¤¤¤¤¤¤¤¤¤¤¤¤¤
¤¤¤¤¤¤¤¤¤¤¤¤¤¤¤¤¤¤¤¤¤¤¤¤¤¤   RELATIVNO ODSTUPANJE   ¤¤¤¤¤¤¤¤¤¤¤¤¤¤¤¤¤¤¤¤¤¤¤¤¤¤
¤¤¤¤¤¤¤¤¤¤¤¤¤¤¤¤¤¤¤¤¤¤¤¤¤¤¤¤¤¤¤¤¤¤¤¤¤¤¤¤¤¤¤¤¤¤¤¤¤¤¤¤¤¤¤¤¤¤¤¤¤¤¤¤¤¤¤¤¤¤¤¤¤¤¤¤¤¤


¤¤¤¤¤¤¤¤¤¤¤¤¤¤¤¤¤¤¤¤¤¤¤¤¤¤¤¤¤¤¤ TEST 1 (K = 2) ¤¤¤¤¤¤¤¤¤¤¤¤¤¤¤¤¤¤¤¤¤¤¤¤¤¤¤¤¤¤¤
stepen multiprogramiranja: 15
vreme odaziva sitema: 0.0619 ms

              komponenta |    iskorišćenje | protok [proc/s] |  prosek poslova
==============================================================================
*               Procesor |          0.1771 |          0.0583 |          1.1341
        Sistemski disk 0 |          0.0174 |          0.0582 |          0.1267
        Sistemski disk 1 |          0.0081 |          0.0591 |          0.1936
       Korisnički disk 0 |          0.0340 |          0.0583 |          0.0525
       Korisnički disk 1 |          0.0339 |          0.0582 |          0.0489


¤¤¤¤¤¤¤¤¤¤¤¤¤¤¤¤¤¤¤¤¤¤¤¤¤¤¤¤¤¤¤ TEST 2 (K = 3) ¤¤¤¤¤¤¤¤¤¤¤¤¤¤¤¤¤¤¤¤¤¤¤¤¤¤¤¤¤¤¤
stepen multiprogramiranja: 15
vreme odaziva sitema: 0.1166 ms

              komponenta |    iskorišćenje | protok [proc/s] |  prosek poslova
==============================================================================
*               Procesor |          0.1195 |          0.1044 |          1.5918
        Sistemski disk 0 |          0.0644 |          0.1036 |          0.1005
        Sistemski disk 1 |          0.0407 |          0.1047 |          0.1714
       Korisnički disk 0 |          0.0812 |          0.1041 |          0.1227
       Korisnički disk 1 |          0.0818 |          0.1046 |          0.1281
       Korisnički disk 2 |          0.0813 |          0.1042 |          0.1233


¤¤¤¤¤¤¤¤¤¤¤¤¤¤¤¤¤¤¤¤¤¤¤¤¤¤¤¤¤¤¤ TEST 3 (K = 4) ¤¤¤¤¤¤¤¤¤¤¤¤¤¤¤¤¤¤¤¤¤¤¤¤¤¤¤¤¤¤¤
stepen multiprogramiranja: 15
vreme odaziva sitema: 0.2023 ms

              komponenta |    iskorišćenje | protok [proc/s] |  prosek poslova
==============================================================================
                Procesor |          0.0396 |          0.1683 |          1.3653
        Sistemski disk 0 |          0.1311 |          0.1674 |          0.0225
        Sistemski disk 1 |          0.1093 |          0.1687 |          0.0808
       Korisnički disk 0 |          0.1469 |          0.1681 |          0.2020
*      Korisnički disk 1 |          0.1475 |          0.1688 |          0.2079
       Korisnički disk 2 |          0.1461 |          0.1674 |          0.2016
       Korisnički disk 3 |          0.1473 |          0.1685 |          0.2046


¤¤¤¤¤¤¤¤¤¤¤¤¤¤¤¤¤¤¤¤¤¤¤¤¤¤¤¤¤¤¤ TEST 4 (K = 5) ¤¤¤¤¤¤¤¤¤¤¤¤¤¤¤¤¤¤¤¤¤¤¤¤¤¤¤¤¤¤¤
stepen multiprogramiranja: 15
vreme odaziva sitema: 0.2726 ms

              komponenta |    iskorišćenje | protok [proc/s] |  prosek poslova
==============================================================================
                Procesor |          0.0178 |          0.2142 |          0.5874
        Sistemski disk 0 |          0.1804 |          0.2145 |          0.0441
        Sistemski disk 1 |          0.1577 |          0.2140 |          0.0026
       Korisnički disk 0 |          0.1932 |          0.2135 |          0.2013
       Korisnički disk 1 |          0.1934 |          0.2137 |          0.2023
*      Korisnički disk 2 |          0.1946 |          0.2149 |          0.2073
       Korisnički disk 3 |          0.1938 |          0.2141 |          0.2038
       Korisnički disk 4 |          0.1944 |          0.2146 |          0.2067


¤¤¤¤¤¤¤¤¤¤¤¤¤¤¤¤¤¤¤¤¤¤¤¤¤¤¤¤¤¤¤ TEST 5 (K = 6) ¤¤¤¤¤¤¤¤¤¤¤¤¤¤¤¤¤¤¤¤¤¤¤¤¤¤¤¤¤¤¤
stepen multiprogramiranja: 15
vreme odaziva sitema: 0.2826 ms

              komponenta |    iskorišćenje | protok [proc/s] |  prosek poslova
==============================================================================
                Procesor |          0.0255 |          0.2203 |          0.2140
        Sistemski disk 0 |          0.1867 |          0.2205 |          0.0487
        Sistemski disk 1 |          0.1655 |          0.2210 |          0.0088
       Korisnički disk 0 |          0.2002 |          0.2199 |          0.1414
       Korisnički disk 1 |          0.2006 |          0.2204 |          0.1426
       Korisnički disk 2 |          0.2002 |          0.2200 |          0.1406
       Korisnički disk 3 |          0.2001 |          0.2198 |          0.1398
       Korisnički disk 4 |          0.2010 |          0.2207 |          0.1426
*      Korisnički disk 5 |          0.2012 |          0.2209 |          0.1433


¤¤¤¤¤¤¤¤¤¤¤¤¤¤¤¤¤¤¤¤¤¤¤¤¤¤¤¤¤¤¤ TEST 6 (K = 7) ¤¤¤¤¤¤¤¤¤¤¤¤¤¤¤¤¤¤¤¤¤¤¤¤¤¤¤¤¤¤¤
stepen multiprogramiranja: 15
vreme odaziva sitema: 0.2740 ms

              komponenta |    iskorišćenje | protok [proc/s] |  prosek poslova
==============================================================================
                Procesor |          0.0187 |          0.2151 |          0.0999
        Sistemski disk 0 |          0.1814 |          0.2155 |          0.0365
        Sistemski disk 1 |          0.1583 |          0.2145 |          0.0103
       Korisnički disk 0 |          0.1947 |          0.2151 |          0.0966
       Korisnički disk 1 |          0.1940 |          0.2145 |          0.0950
       Korisnički disk 2 |          0.1950 |          0.2155 |          0.0989
*      Korisnički disk 3 |          0.1951 |          0.2155 |          0.0961
       Korisnički disk 4 |          0.1939 |          0.2144 |          0.0933
       Korisnički disk 5 |          0.1949 |          0.2154 |          0.0967
       Korisnički disk 6 |          0.1946 |          0.2151 |          0.0976


¤¤¤¤¤¤¤¤¤¤¤¤¤¤¤¤¤¤¤¤¤¤¤¤¤¤¤¤¤¤¤ TEST 7 (K = 8) ¤¤¤¤¤¤¤¤¤¤¤¤¤¤¤¤¤¤¤¤¤¤¤¤¤¤¤¤¤¤¤
stepen multiprogramiranja: 15
vreme odaziva sitema: 0.2663 ms

              komponenta |    iskorišćenje | protok [proc/s] |  prosek poslova
==============================================================================
                Procesor |          0.0128 |          0.2103 |          0.0666
        Sistemski disk 0 |          0.1768 |          0.2111 |          0.0275
        Sistemski disk 1 |          0.1538 |          0.2102 |          0.0228
       Korisnički disk 0 |          0.1897 |          0.2099 |          0.0799
       Korisnički disk 1 |          0.1901 |          0.2104 |          0.0811
       Korisnički disk 2 |          0.1896 |          0.2098 |          0.0792
       Korisnički disk 3 |          0.1900 |          0.2102 |          0.0801
       Korisnički disk 4 |          0.1898 |          0.2101 |          0.0808
       Korisnički disk 5 |          0.1904 |          0.2106 |          0.0797
       Korisnički disk 6 |          0.1902 |          0.2104 |          0.0805
*      Korisnički disk 7 |          0.1906 |          0.2108 |          0.0810
