¤¤¤¤¤¤¤¤¤¤¤¤¤¤¤¤¤¤¤¤¤¤¤¤¤¤¤¤¤¤¤¤¤¤¤¤¤¤¤¤¤¤¤¤¤¤¤¤¤¤¤¤¤¤¤¤¤¤¤¤¤¤¤¤¤¤¤¤¤¤¤¤¤¤¤¤¤¤
¤¤¤¤¤¤¤¤¤¤¤¤¤¤¤¤¤¤¤¤¤¤¤¤¤¤   RELATIVNO ODSTUPANJE   ¤¤¤¤¤¤¤¤¤¤¤¤¤¤¤¤¤¤¤¤¤¤¤¤¤¤
¤¤¤¤¤¤¤¤¤¤¤¤¤¤¤¤¤¤¤¤¤¤¤¤¤¤¤¤¤¤¤¤¤¤¤¤¤¤¤¤¤¤¤¤¤¤¤¤¤¤¤¤¤¤¤¤¤¤¤¤¤¤¤¤¤¤¤¤¤¤¤¤¤¤¤¤¤¤


¤¤¤¤¤¤¤¤¤¤¤¤¤¤¤¤¤¤¤¤¤¤¤¤¤¤¤¤¤¤¤ TEST 1 (K = 2) ¤¤¤¤¤¤¤¤¤¤¤¤¤¤¤¤¤¤¤¤¤¤¤¤¤¤¤¤¤¤¤
stepen multiprogramiranja: 20
vreme odaziva sitema: 0.0520 ms

              komponenta |    iskorišćenje | protok [proc/s] |  prosek poslova
==============================================================================
*               Procesor |          0.1880 |          0.0494 |          1.2213
        Sistemski disk 0 |          0.0080 |          0.0491 |          0.1436
        Sistemski disk 1 |          0.0172 |          0.0503 |          0.2120
       Korisnički disk 0 |          0.0256 |          0.0500 |          0.0476
       Korisnički disk 1 |          0.0242 |          0.0486 |          0.0341


¤¤¤¤¤¤¤¤¤¤¤¤¤¤¤¤¤¤¤¤¤¤¤¤¤¤¤¤¤¤¤ TEST 2 (K = 3) ¤¤¤¤¤¤¤¤¤¤¤¤¤¤¤¤¤¤¤¤¤¤¤¤¤¤¤¤¤¤¤
stepen multiprogramiranja: 20
vreme odaziva sitema: 0.0930 ms

              komponenta |    iskorišćenje | protok [proc/s] |  prosek poslova
==============================================================================
*               Procesor |          0.1436 |          0.0851 |          2.0817
        Sistemski disk 0 |          0.0449 |          0.0845 |          0.1393
        Sistemski disk 1 |          0.0195 |          0.0847 |          0.2204
       Korisnički disk 0 |          0.0620 |          0.0855 |          0.1307
       Korisnički disk 1 |          0.0615 |          0.0850 |          0.1173
       Korisnički disk 2 |          0.0613 |          0.0848 |          0.1235


¤¤¤¤¤¤¤¤¤¤¤¤¤¤¤¤¤¤¤¤¤¤¤¤¤¤¤¤¤¤¤ TEST 3 (K = 4) ¤¤¤¤¤¤¤¤¤¤¤¤¤¤¤¤¤¤¤¤¤¤¤¤¤¤¤¤¤¤¤
stepen multiprogramiranja: 20
vreme odaziva sitema: 0.1854 ms

              komponenta |    iskorišćenje | protok [proc/s] |  prosek poslova
==============================================================================
                Procesor |          0.0546 |          0.1564 |          1.9267
        Sistemski disk 0 |          0.1202 |          0.1571 |          0.0529
        Sistemski disk 1 |          0.0962 |          0.1569 |          0.1207
       Korisnički disk 0 |          0.1344 |          0.1562 |          0.2527
*      Korisnički disk 1 |          0.1353 |          0.1570 |          0.2570
       Korisnički disk 2 |          0.1340 |          0.1557 |          0.2523
       Korisnički disk 3 |          0.1347 |          0.1565 |          0.2559


¤¤¤¤¤¤¤¤¤¤¤¤¤¤¤¤¤¤¤¤¤¤¤¤¤¤¤¤¤¤¤ TEST 4 (K = 5) ¤¤¤¤¤¤¤¤¤¤¤¤¤¤¤¤¤¤¤¤¤¤¤¤¤¤¤¤¤¤¤
stepen multiprogramiranja: 20
vreme odaziva sitema: 0.2632 ms

              komponenta |    iskorišćenje | protok [proc/s] |  prosek poslova
==============================================================================
                Procesor |          0.0104 |          0.2084 |          0.4129
        Sistemski disk 0 |          0.1732 |          0.2078 |          0.0210
        Sistemski disk 1 |          0.1518 |          0.2082 |          0.0278
       Korisnički disk 0 |          0.1879 |          0.2080 |          0.2201
       Korisnički disk 1 |          0.1880 |          0.2081 |          0.2214
       Korisnički disk 2 |          0.1882 |          0.2084 |          0.2206
*      Korisnički disk 3 |          0.1890 |          0.2091 |          0.2257
       Korisnički disk 4 |          0.1887 |          0.2088 |          0.2252


¤¤¤¤¤¤¤¤¤¤¤¤¤¤¤¤¤¤¤¤¤¤¤¤¤¤¤¤¤¤¤ TEST 5 (K = 6) ¤¤¤¤¤¤¤¤¤¤¤¤¤¤¤¤¤¤¤¤¤¤¤¤¤¤¤¤¤¤¤
stepen multiprogramiranja: 20
vreme odaziva sitema: 0.2591 ms

              komponenta |    iskorišćenje | protok [proc/s] |  prosek poslova
==============================================================================
                Procesor |          0.0073 |          0.2058 |          0.0755
        Sistemski disk 0 |          0.1700 |          0.2047 |          0.0106
        Sistemski disk 1 |          0.1490 |          0.2058 |          0.0401
       Korisnički disk 0 |          0.1846 |          0.2051 |          0.0926
*      Korisnički disk 1 |          0.1859 |          0.2064 |          0.0973
       Korisnički disk 2 |          0.1859 |          0.2063 |          0.0973
       Korisnički disk 3 |          0.1850 |          0.2054 |          0.0949
       Korisnički disk 4 |          0.1857 |          0.2062 |          0.0957
       Korisnički disk 5 |          0.1850 |          0.2054 |          0.0929


¤¤¤¤¤¤¤¤¤¤¤¤¤¤¤¤¤¤¤¤¤¤¤¤¤¤¤¤¤¤¤ TEST 6 (K = 7) ¤¤¤¤¤¤¤¤¤¤¤¤¤¤¤¤¤¤¤¤¤¤¤¤¤¤¤¤¤¤¤
stepen multiprogramiranja: 20
vreme odaziva sitema: 0.2535 ms

              komponenta |    iskorišćenje | protok [proc/s] |  prosek poslova
==============================================================================
                Procesor |          0.0029 |          0.2023 |          0.0298
        Sistemski disk 0 |          0.1678 |          0.2026 |          0.0052
        Sistemski disk 1 |          0.1449 |          0.2017 |          0.0514
       Korisnički disk 0 |          0.1814 |          0.2021 |          0.0549
       Korisnički disk 1 |          0.1818 |          0.2024 |          0.0549
       Korisnički disk 2 |          0.1815 |          0.2022 |          0.0559
       Korisnički disk 3 |          0.1813 |          0.2020 |          0.0560
       Korisnički disk 4 |          0.1818 |          0.2025 |          0.0563
*      Korisnički disk 5 |          0.1826 |          0.2032 |          0.0569
       Korisnički disk 6 |          0.1811 |          0.2017 |          0.0556


¤¤¤¤¤¤¤¤¤¤¤¤¤¤¤¤¤¤¤¤¤¤¤¤¤¤¤¤¤¤¤ TEST 7 (K = 8) ¤¤¤¤¤¤¤¤¤¤¤¤¤¤¤¤¤¤¤¤¤¤¤¤¤¤¤¤¤¤¤
stepen multiprogramiranja: 20
vreme odaziva sitema: 0.2518 ms

              komponenta |    iskorišćenje | protok [proc/s] |  prosek poslova
==============================================================================
                Procesor |          0.0013 |          0.2011 |          0.0231
        Sistemski disk 0 |          0.1665 |          0.2013 |          0.0017
        Sistemski disk 1 |          0.1445 |          0.2018 |          0.0529
       Korisnički disk 0 |          0.1793 |          0.2000 |          0.0516
*      Korisnički disk 1 |          0.1815 |          0.2022 |          0.0544
       Korisnički disk 2 |          0.1807 |          0.2014 |          0.0531
       Korisnički disk 3 |          0.1804 |          0.2011 |          0.0534
       Korisnički disk 4 |          0.1802 |          0.2009 |          0.0535
       Korisnički disk 5 |          0.1813 |          0.2019 |          0.0538
       Korisnički disk 6 |          0.1795 |          0.2002 |          0.0496
       Korisnički disk 7 |          0.1801 |          0.2008 |          0.0527
