¤¤¤¤¤¤¤¤¤¤¤¤¤¤¤¤¤¤¤¤¤¤¤¤¤¤¤¤¤¤¤¤¤¤¤¤¤¤¤¤¤¤¤¤¤¤¤¤¤¤¤¤¤¤¤¤¤¤¤¤¤¤¤¤¤¤¤¤¤¤¤¤¤¤¤¤¤¤
¤¤¤¤¤¤¤¤¤¤¤¤¤¤¤¤¤¤¤¤¤¤¤¤¤¤¤¤¤¤¤   SIMULATOR   ¤¤¤¤¤¤¤¤¤¤¤¤¤¤¤¤¤¤¤¤¤¤¤¤¤¤¤¤¤¤¤¤
¤¤¤¤¤¤¤¤¤¤¤¤¤¤¤¤¤¤¤¤¤¤¤¤¤¤¤¤¤¤¤¤¤¤¤¤¤¤¤¤¤¤¤¤¤¤¤¤¤¤¤¤¤¤¤¤¤¤¤¤¤¤¤¤¤¤¤¤¤¤¤¤¤¤¤¤¤¤


¤¤¤¤¤¤¤¤¤¤¤¤¤¤¤¤¤¤¤¤¤¤¤¤¤¤¤¤¤¤¤ TEST 1 (K = 2) ¤¤¤¤¤¤¤¤¤¤¤¤¤¤¤¤¤¤¤¤¤¤¤¤¤¤¤¤¤¤¤
stepen multiprogramiranja: 15
trajanja simulacije: 64800 sec
vreme odaziva sitema: 129.3387 ms

              komponenta |    iskorišćenje | protok [proc/s] |  prosek poslova
==============================================================================
                Procesor |          0.4639 |        115.9747 |          0.5531
        Sistemski disk 0 |          0.2001 |         17.3949 |          0.2168
        Sistemski disk 1 |          0.2437 |         17.4107 |          0.2722
*      Korisnički disk 0 |          0.9610 |         49.2904 |          6.9920
       Korisnički disk 1 |          0.9609 |         49.2824 |          6.9660


¤¤¤¤¤¤¤¤¤¤¤¤¤¤¤¤¤¤¤¤¤¤¤¤¤¤¤¤¤¤¤ TEST 2 (K = 3) ¤¤¤¤¤¤¤¤¤¤¤¤¤¤¤¤¤¤¤¤¤¤¤¤¤¤¤¤¤¤¤
stepen multiprogramiranja: 15
trajanja simulacije: 64800 sec
vreme odaziva sitema: 90.2233 ms

              komponenta |    iskorišćenje | protok [proc/s] |  prosek poslova
==============================================================================
                Procesor |          0.6650 |        166.2542 |          0.9730
        Sistemski disk 0 |          0.2865 |         24.9171 |          0.3305
        Sistemski disk 1 |          0.3492 |         24.9464 |          0.4258
       Korisnički disk 0 |          0.9184 |         47.0913 |          4.4136
*      Korisnički disk 1 |          0.9189 |         47.1178 |          4.4405
       Korisnički disk 2 |          0.9184 |         47.0951 |          4.4166


¤¤¤¤¤¤¤¤¤¤¤¤¤¤¤¤¤¤¤¤¤¤¤¤¤¤¤¤¤¤¤ TEST 3 (K = 4) ¤¤¤¤¤¤¤¤¤¤¤¤¤¤¤¤¤¤¤¤¤¤¤¤¤¤¤¤¤¤¤
stepen multiprogramiranja: 15
trajanja simulacije: 64800 sec
vreme odaziva sitema: 71.6240 ms

              komponenta |    iskorišćenje | protok [proc/s] |  prosek poslova
==============================================================================
                Procesor |          0.8377 |        209.4271 |          1.7800
        Sistemski disk 0 |          0.3609 |         31.3808 |          0.4419
        Sistemski disk 1 |          0.4400 |         31.4296 |          0.5860
       Korisnički disk 0 |          0.8677 |         44.4955 |          3.0403
*      Korisnički disk 1 |          0.8684 |         44.5296 |          3.0630
       Korisnički disk 2 |          0.8670 |         44.4559 |          3.0387
       Korisnički disk 3 |          0.8681 |         44.5167 |          3.0502


¤¤¤¤¤¤¤¤¤¤¤¤¤¤¤¤¤¤¤¤¤¤¤¤¤¤¤¤¤¤¤ TEST 4 (K = 5) ¤¤¤¤¤¤¤¤¤¤¤¤¤¤¤¤¤¤¤¤¤¤¤¤¤¤¤¤¤¤¤
stepen multiprogramiranja: 15
trajanja simulacije: 64800 sec
vreme odaziva sitema: 63.0094 ms

              komponenta |    iskorišćenje | protok [proc/s] |  prosek poslova
==============================================================================
*               Procesor |          0.9523 |        238.0598 |          3.5784
        Sistemski disk 0 |          0.4108 |         35.7231 |          0.5250
        Sistemski disk 1 |          0.4997 |         35.6992 |          0.7110
       Korisnički disk 0 |          0.7884 |         40.4360 |          2.0295
       Korisnički disk 1 |          0.7885 |         40.4424 |          2.0322
       Korisnički disk 2 |          0.7897 |         40.5066 |          2.0448
       Korisnički disk 3 |          0.7889 |         40.4639 |          2.0358
       Korisnički disk 4 |          0.7895 |         40.4929 |          2.0433


¤¤¤¤¤¤¤¤¤¤¤¤¤¤¤¤¤¤¤¤¤¤¤¤¤¤¤¤¤¤¤ TEST 5 (K = 6) ¤¤¤¤¤¤¤¤¤¤¤¤¤¤¤¤¤¤¤¤¤¤¤¤¤¤¤¤¤¤¤
stepen multiprogramiranja: 15
trajanja simulacije: 64800 sec
vreme odaziva sitema: 60.5822 ms

              komponenta |    iskorišćenje | protok [proc/s] |  prosek poslova
==============================================================================
*               Procesor |          0.9905 |        247.5976 |          5.5472
        Sistemski disk 0 |          0.4272 |         37.1455 |          0.5541
        Sistemski disk 1 |          0.5205 |         37.1719 |          0.7610
       Korisnički disk 0 |          0.6839 |         35.0579 |          1.3558
       Korisnički disk 1 |          0.6842 |         35.0779 |          1.3577
       Korisnički disk 2 |          0.6839 |         35.0594 |          1.3545
       Korisnički disk 3 |          0.6838 |         35.0531 |          1.3533
       Korisnički disk 4 |          0.6846 |         35.0944 |          1.3577
       Korisnički disk 5 |          0.6848 |         35.1039 |          1.3587


¤¤¤¤¤¤¤¤¤¤¤¤¤¤¤¤¤¤¤¤¤¤¤¤¤¤¤¤¤¤¤ TEST 6 (K = 7) ¤¤¤¤¤¤¤¤¤¤¤¤¤¤¤¤¤¤¤¤¤¤¤¤¤¤¤¤¤¤¤
stepen multiprogramiranja: 15
trajanja simulacije: 64800 sec
vreme odaziva sitema: 60.1065 ms

              komponenta |    iskorišćenje | protok [proc/s] |  prosek poslova
==============================================================================
*               Procesor |          0.9981 |        249.5570 |          6.7762
        Sistemski disk 0 |          0.4307 |         37.4534 |          0.5604
        Sistemski disk 1 |          0.5236 |         37.4074 |          0.7682
       Korisnički disk 0 |          0.5907 |         30.3053 |          0.9853
       Korisnički disk 1 |          0.5902 |         30.2807 |          0.9836
       Korisnički disk 2 |          0.5909 |         30.3180 |          0.9879
       Korisnički disk 3 |          0.5910 |         30.3204 |          0.9847
       Korisnički disk 4 |          0.5902 |         30.2788 |          0.9818
       Korisnički disk 5 |          0.5909 |         30.3163 |          0.9854
       Korisnički disk 6 |          0.5907 |         30.3048 |          0.9865


¤¤¤¤¤¤¤¤¤¤¤¤¤¤¤¤¤¤¤¤¤¤¤¤¤¤¤¤¤¤¤ TEST 7 (K = 8) ¤¤¤¤¤¤¤¤¤¤¤¤¤¤¤¤¤¤¤¤¤¤¤¤¤¤¤¤¤¤¤
stepen multiprogramiranja: 15
trajanja simulacije: 64800 sec
vreme odaziva sitema: 60.0270 ms

              komponenta |    iskorišćenje | protok [proc/s] |  prosek poslova
==============================================================================
*               Procesor |          0.9995 |        249.8873 |          7.4539
        Sistemski disk 0 |          0.4315 |         37.5221 |          0.5624
        Sistemski disk 1 |          0.5247 |         37.4766 |          0.7707
       Korisnički disk 0 |          0.5175 |         26.5370 |          0.7763
       Korisnički disk 1 |          0.5178 |         26.5520 |          0.7773
       Korisnički disk 2 |          0.5174 |         26.5330 |          0.7757
       Korisnički disk 3 |          0.5177 |         26.5480 |          0.7765
       Korisnički disk 4 |          0.5176 |         26.5421 |          0.7771
       Korisnički disk 5 |          0.5179 |         26.5600 |          0.7761
       Korisnički disk 6 |          0.5178 |         26.5529 |          0.7768
       Korisnički disk 7 |          0.5181 |         26.5681 |          0.7773
